2024-08-16 15:44:04,662 (INFO) - django.utils.autoreload - Watching for file changes with StatReloader
2024-08-16 15:44:05,502 (WARNING) - silk.profiling.profiler - Cannot execute silk_profile as silk is not installed correctly.
2024-08-16 15:45:15,227 (INFO) - django.utils.autoreload - Watching for file changes with StatReloader
2024-08-16 15:45:15,661 (WARNING) - silk.profiling.profiler - Cannot execute silk_profile as silk is not installed correctly.
2024-08-16 15:45:41,000 (INFO) - django.utils.autoreload - C:\Users\namel\Code\Storefront2\playground\views.py changed, reloading.
2024-08-16 15:45:42,253 (INFO) - django.utils.autoreload - Watching for file changes with StatReloader
2024-08-16 15:45:43,003 (WARNING) - silk.profiling.profiler - Cannot execute silk_profile as silk is not installed correctly.
2024-08-16 15:46:31,336 (INFO) - django.utils.autoreload - C:\Users\namel\Code\Storefront2\playground\views.py changed, reloading.
2024-08-16 15:46:32,840 (INFO) - django.utils.autoreload - Watching for file changes with StatReloader
2024-08-16 15:46:33,481 (WARNING) - silk.profiling.profiler - Cannot execute silk_profile as silk is not installed correctly.
2024-08-16 15:46:48,333 (INFO) - django.utils.autoreload - C:\Users\namel\Code\Storefront2\playground\views.py changed, reloading.
2024-08-16 15:46:49,710 (INFO) - django.utils.autoreload - Watching for file changes with StatReloader
2024-08-16 15:46:50,370 (WARNING) - silk.profiling.profiler - Cannot execute silk_profile as silk is not installed correctly.
2024-08-16 15:47:46,207 (INFO) - django.utils.autoreload - Watching for file changes with StatReloader
2024-08-16 15:47:47,093 (WARNING) - silk.profiling.profiler - Cannot execute silk_profile as silk is not installed correctly.
2024-08-16 15:51:26,258 (INFO) - django.utils.autoreload - C:\Users\namel\Code\Storefront2\storefront\settings.py changed, reloading.
2024-08-16 15:51:28,277 (INFO) - django.utils.autoreload - Watching for file changes with StatReloader
2024-08-16 15:51:29,141 (WARNING) - silk.profiling.profiler - Cannot execute silk_profile as silk is not installed correctly.
2024-08-16 15:51:39,427 (INFO) - django.utils.autoreload - C:\Users\namel\Code\Storefront2\storefront\settings.py changed, reloading.
2024-08-16 15:51:41,072 (INFO) - django.utils.autoreload - Watching for file changes with StatReloader
2024-08-16 15:51:41,666 (WARNING) - silk.profiling.profiler - Cannot execute silk_profile as silk is not installed correctly.
2024-08-16 15:52:02,764 (WARNING) - django.request - Not Found: /{% static 'core/styles.css'}
2024-08-16 15:52:08,775 (WARNING) - django.request - Not Found: /{% static 'core/styles.css'}
2024-08-16 15:55:15,339 (WARNING) - django.request - Not Found: /{% static 'core/styles1.css'}
2024-08-16 15:56:05,965 (WARNING) - django.request - Not Found: /{% static 'core/styles1.css'}
2024-08-16 15:56:27,836 (WARNING) - django.request - Not Found: /{% static 'core/styles1.css'}
2024-08-16 15:57:08,754 (WARNING) - django.request - Not Found: /{% static 'core/styles1.css'}
2024-08-16 15:57:28,522 (WARNING) - django.request - Not Found: /{% static 'core/styles1.css'}
2024-08-16 15:57:59,325 (WARNING) - django.request - Not Found: /{% static 'core/styles1.css'}
2024-08-16 15:58:46,315 (WARNING) - django.request - Not Found: /{% static 'core/styles1.css'}
2024-08-16 15:58:57,032 (WARNING) - django.request - Not Found: /{% static 'core/styles1.css'}
2024-08-16 15:59:26,033 (WARNING) - django.request - Not Found: /{% static 'core/styles1.css'}
2024-08-16 16:00:11,391 (WARNING) - django.request - Not Found: /{% static 'core/styles1.css'}
2024-08-16 16:00:25,685 (WARNING) - django.request - Not Found: /{% static 'core/styles1.css'}
2024-08-16 16:01:35,519 (WARNING) - django.request - Not Found: /{% static 'core/styles1.css'}
2024-08-16 16:02:36,726 (WARNING) - django.request - Not Found: /{% static 'core/styles1.css'}
2024-08-16 16:03:17,450 (INFO) - django.utils.autoreload - C:\Users\namel\Code\Storefront2\playground\views.py changed, reloading.
2024-08-16 16:03:19,787 (INFO) - django.utils.autoreload - Watching for file changes with StatReloader
2024-08-16 16:03:20,607 (WARNING) - silk.profiling.profiler - Cannot execute silk_profile as silk is not installed correctly.
2024-08-16 16:03:25,468 (INFO) - django.utils.autoreload - C:\Users\namel\Code\Storefront2\playground\views.py changed, reloading.
2024-08-16 16:03:26,991 (INFO) - django.utils.autoreload - Watching for file changes with StatReloader
2024-08-16 16:03:27,647 (WARNING) - silk.profiling.profiler - Cannot execute silk_profile as silk is not installed correctly.
2024-08-16 16:05:10,470 (INFO) - django.utils.autoreload - Watching for file changes with StatReloader
2024-08-16 16:05:11,023 (WARNING) - silk.profiling.profiler - Cannot execute silk_profile as silk is not installed correctly.
2024-08-16 16:05:19,098 (INFO) - django.utils.autoreload - C:\Users\namel\Code\Storefront2\playground\views.py changed, reloading.
2024-08-16 16:05:20,687 (INFO) - django.utils.autoreload - Watching for file changes with StatReloader
2024-08-16 16:05:21,414 (WARNING) - silk.profiling.profiler - Cannot execute silk_profile as silk is not installed correctly.
2024-08-16 16:06:36,191 (INFO) - django.utils.autoreload - Watching for file changes with StatReloader
2024-08-16 16:06:36,689 (WARNING) - silk.profiling.profiler - Cannot execute silk_profile as silk is not installed correctly.
2024-08-16 16:12:27,636 (INFO) - django.utils.autoreload - Watching for file changes with StatReloader
2024-08-16 16:12:29,254 (WARNING) - silk.profiling.profiler - Cannot execute silk_profile as silk is not installed correctly.
2024-08-16 16:13:08,247 (INFO) - django.utils.autoreload - Watching for file changes with StatReloader
2024-08-16 16:13:08,678 (WARNING) - silk.profiling.profiler - Cannot execute silk_profile as silk is not installed correctly.
2024-08-16 16:17:18,477 (INFO) - django.utils.autoreload - C:\Users\namel\Code\Storefront2\storefront\settings.py changed, reloading.
2024-08-16 16:17:19,654 (INFO) - django.utils.autoreload - Watching for file changes with StatReloader
2024-08-16 16:17:20,152 (WARNING) - silk.profiling.profiler - Cannot execute silk_profile as silk is not installed correctly.
2024-08-16 16:17:24,508 (INFO) - django.utils.autoreload - C:\Users\namel\Code\Storefront2\storefront\settings.py changed, reloading.
2024-08-16 16:17:25,777 (INFO) - django.utils.autoreload - Watching for file changes with StatReloader
2024-08-16 16:17:26,300 (WARNING) - silk.profiling.profiler - Cannot execute silk_profile as silk is not installed correctly.
2024-08-16 16:28:38,054 (INFO) - django.utils.autoreload - Watching for file changes with StatReloader
2024-08-16 16:28:38,699 (WARNING) - silk.profiling.profiler - Cannot execute silk_profile as silk is not installed correctly.
2024-08-16 16:28:39,973 (WARNING) - django.request - Not Found: /{% static 'core/styles.css'}
2024-08-16 16:28:40,103 (WARNING) - django.request - Not Found: /favicon.ico
2024-08-16 16:30:12,067 (INFO) - django.utils.autoreload - C:\Users\namel\Code\Storefront2\playground\views.py changed, reloading.
2024-08-16 16:30:13,238 (INFO) - django.utils.autoreload - Watching for file changes with StatReloader
2024-08-16 16:30:13,879 (WARNING) - silk.profiling.profiler - Cannot execute silk_profile as silk is not installed correctly.
2024-08-16 16:30:52,483 (INFO) - django.utils.autoreload - C:\Users\namel\Code\Storefront2\playground\urls.py changed, reloading.
2024-08-16 16:30:54,468 (INFO) - django.utils.autoreload - Watching for file changes with StatReloader
2024-08-16 16:30:55,338 (WARNING) - silk.profiling.profiler - Cannot execute silk_profile as silk is not installed correctly.
2024-08-16 16:30:58,218 (INFO) - django.utils.autoreload - C:\Users\namel\Code\Storefront2\playground\urls.py changed, reloading.
2024-08-16 16:31:01,770 (INFO) - django.utils.autoreload - Watching for file changes with StatReloader
2024-08-16 16:31:02,607 (WARNING) - silk.profiling.profiler - Cannot execute silk_profile as silk is not installed correctly.
2024-08-16 16:31:07,374 (INFO) - django.utils.autoreload - C:\Users\namel\Code\Storefront2\playground\urls.py changed, reloading.
2024-08-16 16:31:09,085 (INFO) - django.utils.autoreload - Watching for file changes with StatReloader
2024-08-16 16:31:09,858 (WARNING) - silk.profiling.profiler - Cannot execute silk_profile as silk is not installed correctly.
2024-08-16 16:31:12,256 (INFO) - django.utils.autoreload - C:\Users\namel\Code\Storefront2\playground\urls.py changed, reloading.
2024-08-16 16:31:13,969 (INFO) - django.utils.autoreload - Watching for file changes with StatReloader
2024-08-16 16:31:14,735 (WARNING) - silk.profiling.profiler - Cannot execute silk_profile as silk is not installed correctly.
2024-08-16 16:32:56,798 (INFO) - django.utils.autoreload - C:\Users\namel\Code\Storefront2\playground\urls.py changed, reloading.
2024-08-16 16:32:58,191 (INFO) - django.utils.autoreload - Watching for file changes with StatReloader
2024-08-16 16:32:58,824 (WARNING) - silk.profiling.profiler - Cannot execute silk_profile as silk is not installed correctly.
2024-08-16 16:33:00,741 (INFO) - django.utils.autoreload - C:\Users\namel\Code\Storefront2\playground\urls.py changed, reloading.
2024-08-16 16:33:02,096 (INFO) - django.utils.autoreload - Watching for file changes with StatReloader
2024-08-16 16:33:02,808 (WARNING) - silk.profiling.profiler - Cannot execute silk_profile as silk is not installed correctly.
2024-08-16 16:33:08,457 (INFO) - django.utils.autoreload - C:\Users\namel\Code\Storefront2\playground\urls.py changed, reloading.
2024-08-16 16:33:10,114 (INFO) - django.utils.autoreload - Watching for file changes with StatReloader
2024-08-16 16:33:10,723 (WARNING) - silk.profiling.profiler - Cannot execute silk_profile as silk is not installed correctly.
2024-08-16 16:38:44,256 (INFO) - django.utils.autoreload - C:\Users\namel\Code\Storefront2\playground\urls.py changed, reloading.
2024-08-16 16:38:45,776 (INFO) - django.utils.autoreload - Watching for file changes with StatReloader
2024-08-16 16:38:46,325 (WARNING) - silk.profiling.profiler - Cannot execute silk_profile as silk is not installed correctly.
2024-08-16 16:38:47,642 (ERROR) - django.request - Internal Server Error: /playground/hello_view/
Traceback (most recent call last):
  File "C:\Users\namel\.virtualenvs\Storefront2-Kl01iuor\lib\site-packages\django\core\handlers\exception.py", line 55, in inner
    response = get_response(request)
  File "C:\Users\namel\.virtualenvs\Storefront2-Kl01iuor\lib\site-packages\django\core\handlers\base.py", line 197, in _get_response
    response = wrapped_callback(request, *callback_args, **callback_kwargs)
TypeError: as_view() takes 1 positional argument but 2 were given
2024-08-16 16:38:54,646 (INFO) - django.utils.autoreload - C:\Users\namel\Code\Storefront2\playground\urls.py changed, reloading.
2024-08-16 16:38:56,135 (INFO) - django.utils.autoreload - Watching for file changes with StatReloader
2024-08-16 16:39:09,816 (INFO) - django.utils.autoreload - C:\Users\namel\Code\Storefront2\playground\urls.py changed, reloading.
2024-08-16 16:39:11,548 (INFO) - django.utils.autoreload - Watching for file changes with StatReloader
2024-08-16 16:39:12,152 (WARNING) - silk.profiling.profiler - Cannot execute silk_profile as silk is not installed correctly.
2024-08-16 16:39:20,758 (ERROR) - django.request - Internal Server Error: /playground/hello_view/
Traceback (most recent call last):
  File "C:\Users\namel\.virtualenvs\Storefront2-Kl01iuor\lib\site-packages\django\core\handlers\exception.py", line 55, in inner
    response = get_response(request)
  File "C:\Users\namel\.virtualenvs\Storefront2-Kl01iuor\lib\site-packages\django\core\handlers\base.py", line 197, in _get_response
    response = wrapped_callback(request, *callback_args, **callback_kwargs)
TypeError: as_view() takes 1 positional argument but 2 were given
2024-08-16 16:40:02,382 (INFO) - django.utils.autoreload - C:\Users\namel\Code\Storefront2\playground\urls.py changed, reloading.
2024-08-16 16:40:03,737 (INFO) - django.utils.autoreload - Watching for file changes with StatReloader
2024-08-16 16:40:11,773 (INFO) - django.utils.autoreload - C:\Users\namel\Code\Storefront2\playground\urls.py changed, reloading.
2024-08-16 16:40:13,368 (INFO) - django.utils.autoreload - Watching for file changes with StatReloader
2024-08-16 16:40:18,253 (INFO) - django.utils.autoreload - C:\Users\namel\Code\Storefront2\playground\urls.py changed, reloading.
2024-08-16 16:40:19,826 (INFO) - django.utils.autoreload - Watching for file changes with StatReloader
2024-08-16 16:40:25,520 (INFO) - django.utils.autoreload - C:\Users\namel\Code\Storefront2\playground\urls.py changed, reloading.
2024-08-16 16:40:27,522 (INFO) - django.utils.autoreload - Watching for file changes with StatReloader
2024-08-16 16:40:28,978 (WARNING) - silk.profiling.profiler - Cannot execute silk_profile as silk is not installed correctly.
2024-08-16 16:40:31,544 (ERROR) - django.request - Internal Server Error: /playground/hello_view/
Traceback (most recent call last):
  File "C:\Users\namel\.virtualenvs\Storefront2-Kl01iuor\lib\site-packages\django\core\handlers\exception.py", line 55, in inner
    response = get_response(request)
  File "C:\Users\namel\.virtualenvs\Storefront2-Kl01iuor\lib\site-packages\django\core\handlers\base.py", line 220, in _get_response
    response = response.render()
  File "C:\Users\namel\.virtualenvs\Storefront2-Kl01iuor\lib\site-packages\django\template\response.py", line 114, in render
    self.content = self.rendered_content
  File "C:\Users\namel\.virtualenvs\Storefront2-Kl01iuor\lib\site-packages\django\template\response.py", line 90, in rendered_content
    template = self.resolve_template(self.template_name)
  File "C:\Users\namel\.virtualenvs\Storefront2-Kl01iuor\lib\site-packages\django\template\response.py", line 72, in resolve_template
    return select_template(template, using=self.using)
  File "C:\Users\namel\.virtualenvs\Storefront2-Kl01iuor\lib\site-packages\django\template\loader.py", line 47, in select_template
    raise TemplateDoesNotExist(", ".join(template_name_list), chain=chain)
django.template.exceptions.TemplateDoesNotExist: about.html
2024-08-16 16:40:46,117 (INFO) - django.utils.autoreload - C:\Users\namel\Code\Storefront2\playground\urls.py changed, reloading.
2024-08-16 16:40:47,444 (INFO) - django.utils.autoreload - Watching for file changes with StatReloader
2024-08-16 16:40:51,139 (INFO) - django.utils.autoreload - C:\Users\namel\Code\Storefront2\playground\urls.py changed, reloading.
2024-08-16 16:40:52,199 (INFO) - django.utils.autoreload - Watching for file changes with StatReloader
2024-08-16 16:40:52,704 (WARNING) - silk.profiling.profiler - Cannot execute silk_profile as silk is not installed correctly.
2024-08-16 16:44:27,493 (INFO) - django.utils.autoreload - C:\Users\namel\Code\Storefront2\playground\views.py changed, reloading.
2024-08-16 16:44:28,806 (INFO) - django.utils.autoreload - Watching for file changes with StatReloader
2024-08-16 16:44:29,299 (WARNING) - silk.profiling.profiler - Cannot execute silk_profile as silk is not installed correctly.
